[ERROR 2021-07-18 01:28:50,888] function_runner.py: 254  Runner Thread raised error.
Traceback (most recent call last):
  File "/home/hany606/.local/lib/python3.6/site-packages/ray/tune/function_runner.py", line 248, in run
    self._entrypoint()
  File "/home/hany606/.local/lib/python3.6/site-packages/ray/tune/function_runner.py", line 316, in entrypoint
    self._status_reporter.get_checkpoint())
  File "/home/hany606/.local/lib/python3.6/site-packages/ray/tune/function_runner.py", line 580, in _trainable_func
    output = fn()
  File "train_selfplay.py", line 89, in selfplay_train_func
    sampled_policies = selfplay_policies.sample()
AttributeError: 'NoneType' object has no attribute 'sample'
Exception in thread Thread-2:
Traceback (most recent call last):
  File "/usr/lib/python3.6/threading.py", line 916, in _bootstrap_inner
    self.run()
  File "/home/hany606/.local/lib/python3.6/site-packages/ray/tune/function_runner.py", line 267, in run
    raise e
  File "/home/hany606/.local/lib/python3.6/site-packages/ray/tune/function_runner.py", line 248, in run
    self._entrypoint()
  File "/home/hany606/.local/lib/python3.6/site-packages/ray/tune/function_runner.py", line 316, in entrypoint
    self._status_reporter.get_checkpoint())
  File "/home/hany606/.local/lib/python3.6/site-packages/ray/tune/function_runner.py", line 580, in _trainable_func
    output = fn()
  File "train_selfplay.py", line 89, in selfplay_train_func
    sampled_policies = selfplay_policies.sample()
AttributeError: 'NoneType' object has no attribute 'sample'

